# JRE version: OpenJDK Runtime Environment Temurin-17.0.8.1+1 (17.0.8.1+1) (build 17.0.8.1+1)
# Java VM: OpenJDK 64-Bit Server VM Temurin-17.0.8.1+1 (17.0.8.1+1, mixed mode, tiered, compressed oops, compressed class ptrs, parallel gc, windows-amd64)
GC Precious Log:
 CPUs: 4 total, 4 available
 Memory: 16289M
 Large Page Support: Disabled
 NUMA Support: Disabled
 Compressed Oops: Enabled (32-bit)
 Alignments: Space 512K, Generation 512K, Heap 2M
 Heap Min Capacity: 100M
 Heap Initial Capacity: 100M
 Heap Max Capacity: 1G
 Pre-touch: Disabled
 Parallel Workers: 4
Heap:
 PSYoungGen      total 10240K, used 7689K [0x00000000eab00000, 0x00000000eb680000, 0x0000000100000000)
  eden space 8704K, 73% used [0x00000000eab00000,0x00000000eb13c1d0,0x00000000eb380000)
  from space 1536K, 84% used [0x00000000eb400000,0x00000000eb546390,0x00000000eb580000)
  to   space 1024K, 0% used [0x00000000eb580000,0x00000000eb580000,0x00000000eb680000)
 ParOldGen       total 117760K, used 101402K [0x00000000c0000000, 0x00000000c7300000, 0x00000000eab00000)
  object space 117760K, 86% used [0x00000000c0000000,0x00000000c6306a60,0x00000000c7300000)
 Metaspace       used 63143K, committed 64128K, reserved 1114112K
  class space    used 7296K, committed 7744K, reserved 1048576K
GC Heap History (20 events):
Event: 21.184 GC heap before
{Heap before GC invocations=56 (full 4):
 PSYoungGen      total 10752K, used 10240K [0x00000000eab00000, 0x00000000eb900000, 0x0000000100000000)
  eden space 10240K, 100% used [0x00000000eab00000,0x00000000eb500000,0x00000000eb500000)
  from space 512K, 0% used [0x00000000eb680000,0x00000000eb680000,0x00000000eb700000)
  to   space 2048K, 0% used [0x00000000eb700000,0x00000000eb700000,0x00000000eb900000)
 ParOldGen       total 117760K, used 91235K [0x00000000c0000000, 0x00000000c7300000, 0x00000000eab00000)
  object space 117760K, 77% used [0x00000000c0000000,0x00000000c5918ea8,0x00000000c7300000)
 Metaspace       used 61585K, committed 62656K, reserved 1114112K
  class space    used 7068K, committed 7552K, reserved 1048576K
}
Event: 21.186 GC heap after
{Heap after GC invocations=56 (full 4):
 PSYoungGen      total 11776K, used 2019K [0x00000000eab00000, 0x00000000eba00000, 0x0000000100000000)
  eden space 9728K, 0% used [0x00000000eab00000,0x00000000eab00000,0x00000000eb480000)
  from space 2048K, 98% used [0x00000000eb700000,0x00000000eb8f8e18,0x00000000eb900000)
  to   space 2560K, 0% used [0x00000000eb480000,0x00000000eb480000,0x00000000eb700000)
 ParOldGen       total 117760K, used 91273K [0x00000000c0000000, 0x00000000c7300000, 0x00000000eab00000)
  object space 117760K, 77% used [0x00000000c0000000,0x00000000c5922758,0x00000000c7300000)
 Metaspace       used 61585K, committed 62656K, reserved 1114112K
  class space    used 7068K, committed 7552K, reserved 1048576K
}
Event: 21.234 GC heap before
{Heap before GC invocations=57 (full 4):
 PSYoungGen      total 11776K, used 11747K [0x00000000eab00000, 0x00000000eba00000, 0x0000000100000000)
  eden space 9728K, 100% used [0x00000000eab00000,0x00000000eb480000,0x00000000eb480000)
  from space 2048K, 98% used [0x00000000eb700000,0x00000000eb8f8e18,0x00000000eb900000)
  to   space 2560K, 0% used [0x00000000eb480000,0x00000000eb480000,0x00000000eb700000)
 ParOldGen       total 117760K, used 91273K [0x00000000c0000000, 0x00000000c7300000, 0x00000000eab00000)
  object space 117760K, 77% used [0x00000000c0000000,0x00000000c5922758,0x00000000c7300000)
 Metaspace       used 61585K, committed 62656K, reserved 1114112K
  class space    used 7068K, committed 7552K, reserved 1048576K
}
Event: 21.236 GC heap after
{Heap after GC invocations=57 (full 4):
 PSYoungGen      total 12288K, used 2382K [0x00000000eab00000, 0x00000000eb980000, 0x0000000100000000)
  eden space 9728K, 0% used [0x00000000eab00000,0x00000000eab00000,0x00000000eb480000)
  from space 2560K, 93% used [0x00000000eb480000,0x00000000eb6d3928,0x00000000eb700000)
  to   space 2560K, 0% used [0x00000000eb700000,0x00000000eb700000,0x00000000eb980000)
 ParOldGen       total 117760K, used 93329K [0x00000000c0000000, 0x00000000c7300000, 0x00000000eab00000)
  object space 117760K, 79% used [0x00000000c0000000,0x00000000c5b24540,0x00000000c7300000)
 Metaspace       used 61585K, committed 62656K, reserved 1114112K
  class space    used 7068K, committed 7552K, reserved 1048576K
}
Event: 22.068 GC heap before
{Heap before GC invocations=58 (full 4):
 PSYoungGen      total 12288K, used 12110K [0x00000000eab00000, 0x00000000eb980000, 0x0000000100000000)
  eden space 9728K, 100% used [0x00000000eab00000,0x00000000eb480000,0x00000000eb480000)
  from space 2560K, 93% used [0x00000000eb480000,0x00000000eb6d3928,0x00000000eb700000)
  to   space 2560K, 0% used [0x00000000eb700000,0x00000000eb700000,0x00000000eb980000)
 ParOldGen       total 117760K, used 93329K [0x00000000c0000000, 0x00000000c7300000, 0x00000000eab00000)
  object space 117760K, 79% used [0x00000000c0000000,0x00000000c5b24540,0x00000000c7300000)
 Metaspace       used 61587K, committed 62656K, reserved 1114112K
  class space    used 7068K, committed 7552K, reserved 1048576K
}
Event: 22.071 GC heap after
{Heap after GC invocations=58 (full 4):
 PSYoungGen      total 11264K, used 1474K [0x00000000eab00000, 0x00000000eb880000, 0x0000000100000000)
  eden space 9728K, 0% used [0x00000000eab00000,0x00000000eab00000,0x00000000eb480000)
  from space 1536K, 95% used [0x00000000eb700000,0x00000000eb870820,0x00000000eb880000)
  to   space 2048K, 0% used [0x00000000eb480000,0x00000000eb480000,0x00000000eb680000)
 ParOldGen       total 117760K, used 95625K [0x00000000c0000000, 0x00000000c7300000, 0x00000000eab00000)
  object space 117760K, 81% used [0x00000000c0000000,0x00000000c5d62790,0x00000000c7300000)
 Metaspace       used 61587K, committed 62656K, reserved 1114112K
  class space    used 7068K, committed 7552K, reserved 1048576K
}
Event: 22.481 GC heap before
{Heap before GC invocations=59 (full 4):
 PSYoungGen      total 11264K, used 11202K [0x00000000eab00000, 0x00000000eb880000, 0x0000000100000000)
  eden space 9728K, 100% used [0x00000000eab00000,0x00000000eb480000,0x00000000eb480000)
  from space 1536K, 95% used [0x00000000eb700000,0x00000000eb870820,0x00000000eb880000)
  to   space 2048K, 0% used [0x00000000eb480000,0x00000000eb480000,0x00000000eb680000)
 ParOldGen       total 117760K, used 95625K [0x00000000c0000000, 0x00000000c7300000, 0x00000000eab00000)
  object space 117760K, 81% used [0x00000000c0000000,0x00000000c5d62790,0x00000000c7300000)
 Metaspace       used 61587K, committed 62656K, reserved 1114112K
  class space    used 7068K, committed 7552K, reserved 1048576K
}
Event: 22.483 GC heap after
{Heap after GC invocations=59 (full 4):
 PSYoungGen      total 11776K, used 2030K [0x00000000eab00000, 0x00000000ebc80000, 0x0000000100000000)
  eden space 9728K, 0% used [0x00000000eab00000,0x00000000eab00000,0x00000000eb480000)
  from space 2048K, 99% used [0x00000000eb480000,0x00000000eb67b888,0x00000000eb680000)
  to   space 4096K, 0% used [0x00000000eb880000,0x00000000eb880000,0x00000000ebc80000)
 ParOldGen       total 117760K, used 96928K [0x00000000c0000000, 0x00000000c7300000, 0x00000000eab00000)
  object space 117760K, 82% used [0x00000000c0000000,0x00000000c5ea8208,0x00000000c7300000)
 Metaspace       used 61587K, committed 62656K, reserved 1114112K
  class space    used 7068K, committed 7552K, reserved 1048576K
}
Event: 23.165 GC heap before
{Heap before GC invocations=60 (full 4):
 PSYoungGen      total 11776K, used 11758K [0x00000000eab00000, 0x00000000ebc80000, 0x0000000100000000)
  eden space 9728K, 100% used [0x00000000eab00000,0x00000000eb480000,0x00000000eb480000)
  from space 2048K, 99% used [0x00000000eb480000,0x00000000eb67b888,0x00000000eb680000)
  to   space 4096K, 0% used [0x00000000eb880000,0x00000000eb880000,0x00000000ebc80000)
 ParOldGen       total 117760K, used 96928K [0x00000000c0000000, 0x00000000c7300000, 0x00000000eab00000)
  object space 117760K, 82% used [0x00000000c0000000,0x00000000c5ea8208,0x00000000c7300000)
 Metaspace       used 61643K, committed 62656K, reserved 1114112K
  class space    used 7068K, committed 7552K, reserved 1048576K
}
Event: 23.167 GC heap after
{Heap after GC invocations=60 (full 4):
 PSYoungGen      total 10752K, used 704K [0x00000000eab00000, 0x00000000eb980000, 0x0000000100000000)
  eden space 9728K, 0% used [0x00000000eab00000,0x00000000eab00000,0x00000000eb480000)
  from space 1024K, 68% used [0x00000000eb880000,0x00000000eb930000,0x00000000eb980000)
  to   space 2048K, 0% used [0x00000000eb580000,0x00000000eb580000,0x00000000eb780000)
 ParOldGen       total 117760K, used 98894K [0x00000000c0000000, 0x00000000c7300000, 0x00000000eab00000)
  object space 117760K, 83% used [0x00000000c0000000,0x00000000c6093990,0x00000000c7300000)
 Metaspace       used 61643K, committed 62656K, reserved 1114112K
  class space    used 7068K, committed 7552K, reserved 1048576K
}
Event: 27.012 GC heap before
{Heap before GC invocations=61 (full 4):
 PSYoungGen      total 10752K, used 10432K [0x00000000eab00000, 0x00000000eb980000, 0x0000000100000000)
  eden space 9728K, 100% used [0x00000000eab00000,0x00000000eb480000,0x00000000eb480000)
  from space 1024K, 68% used [0x00000000eb880000,0x00000000eb930000,0x00000000eb980000)
  to   space 2048K, 0% used [0x00000000eb580000,0x00000000eb580000,0x00000000eb780000)
 ParOldGen       total 117760K, used 98894K [0x00000000c0000000, 0x00000000c7300000, 0x00000000eab00000)
  object space 117760K, 83% used [0x00000000c0000000,0x00000000c6093990,0x00000000c7300000)
 Metaspace       used 61643K, committed 62656K, reserved 1114112K
  class space    used 7068K, committed 7552K, reserved 1048576K
}
Event: 27.013 GC heap after
{Heap after GC invocations=61 (full 4):
 PSYoungGen      total 11776K, used 1780K [0x00000000eab00000, 0x00000000eb900000, 0x0000000100000000)
  eden space 9728K, 0% used [0x00000000eab00000,0x00000000eab00000,0x00000000eb480000)
  from space 2048K, 86% used [0x00000000eb580000,0x00000000eb73d158,0x00000000eb780000)
  to   space 1536K, 0% used [0x00000000eb780000,0x00000000eb780000,0x00000000eb900000)
 ParOldGen       total 117760K, used 98894K [0x00000000c0000000, 0x00000000c7300000, 0x00000000eab00000)
  object space 117760K, 83% used [0x00000000c0000000,0x00000000c6093990,0x00000000c7300000)
 Metaspace       used 61643K, committed 62656K, reserved 1114112K
  class space    used 7068K, committed 7552K, reserved 1048576K
}
Event: 27.371 GC heap before
{Heap before GC invocations=62 (full 4):
 PSYoungGen      total 11776K, used 11508K [0x00000000eab00000, 0x00000000eb900000, 0x0000000100000000)
  eden space 9728K, 100% used [0x00000000eab00000,0x00000000eb480000,0x00000000eb480000)
  from space 2048K, 86% used [0x00000000eb580000,0x00000000eb73d158,0x00000000eb780000)
  to   space 1536K, 0% used [0x00000000eb780000,0x00000000eb780000,0x00000000eb900000)
 ParOldGen       total 117760K, used 98894K [0x00000000c0000000, 0x00000000c7300000, 0x00000000eab00000)
  object space 117760K, 83% used [0x00000000c0000000,0x00000000c6093990,0x00000000c7300000)
 Metaspace       used 61643K, committed 62656K, reserved 1114112K
  class space    used 7068K, committed 7552K, reserved 1048576K
}
Event: 27.374 GC heap after
{Heap after GC invocations=62 (full 4):
 PSYoungGen      total 10240K, used 1535K [0x00000000eab00000, 0x00000000ebc80000, 0x0000000100000000)
  eden space 8704K, 0% used [0x00000000eab00000,0x00000000eab00000,0x00000000eb380000)
  from space 1536K, 99% used [0x00000000eb780000,0x00000000eb8ffe80,0x00000000eb900000)
  to   space 4096K, 0% used [0x00000000eb380000,0x00000000eb380000,0x00000000eb780000)
 ParOldGen       total 117760K, used 100682K [0x00000000c0000000, 0x00000000c7300000, 0x00000000eab00000)
  object space 117760K, 85% used [0x00000000c0000000,0x00000000c6252820,0x00000000c7300000)
 Metaspace       used 61643K, committed 62656K, reserved 1114112K
  class space    used 7068K, committed 7552K, reserved 1048576K
}
Event: 28.440 GC heap before
{Heap before GC invocations=63 (full 4):
 PSYoungGen      total 10240K, used 10239K [0x00000000eab00000, 0x00000000ebc80000, 0x0000000100000000)
  eden space 8704K, 100% used [0x00000000eab00000,0x00000000eb380000,0x00000000eb380000)
  from space 1536K, 99% used [0x00000000eb780000,0x00000000eb8ffe80,0x00000000eb900000)
  to   space 4096K, 0% used [0x00000000eb380000,0x00000000eb380000,0x00000000eb780000)
 ParOldGen       total 117760K, used 100682K [0x00000000c0000000, 0x00000000c7300000, 0x00000000eab00000)
  object space 117760K, 85% used [0x00000000c0000000,0x00000000c6252820,0x00000000c7300000)
 Metaspace       used 61648K, committed 62656K, reserved 1114112K
  class space    used 7068K, committed 7552K, reserved 1048576K
}
Event: 28.441 GC heap after
{Heap after GC invocations=63 (full 4):
 PSYoungGen      total 9728K, used 1017K [0x00000000eab00000, 0x00000000eb800000, 0x0000000100000000)
  eden space 8704K, 0% used [0x00000000eab00000,0x00000000eab00000,0x00000000eb380000)
  from space 1024K, 99% used [0x00000000eb380000,0x00000000eb47e738,0x00000000eb480000)
  to   space 2048K, 0% used [0x00000000eb600000,0x00000000eb600000,0x00000000eb800000)
 ParOldGen       total 117760K, used 101394K [0x00000000c0000000, 0x00000000c7300000, 0x00000000eab00000)
  object space 117760K, 86% used [0x00000000c0000000,0x00000000c6304a60,0x00000000c7300000)
 Metaspace       used 61648K, committed 62656K, reserved 1114112K
  class space    used 7068K, committed 7552K, reserved 1048576K
}
Event: 30.028 GC heap before
{Heap before GC invocations=64 (full 4):
 PSYoungGen      total 9728K, used 9721K [0x00000000eab00000, 0x00000000eb800000, 0x0000000100000000)
  eden space 8704K, 100% used [0x00000000eab00000,0x00000000eb380000,0x00000000eb380000)
  from space 1024K, 99% used [0x00000000eb380000,0x00000000eb47e738,0x00000000eb480000)
  to   space 2048K, 0% used [0x00000000eb600000,0x00000000eb600000,0x00000000eb800000)
 ParOldGen       total 117760K, used 101394K [0x00000000c0000000, 0x00000000c7300000, 0x00000000eab00000)
  object space 117760K, 86% used [0x00000000c0000000,0x00000000c6304a60,0x00000000c7300000)
 Metaspace       used 62117K, committed 63168K, reserved 1114112K
  class space    used 7128K, committed 7616K, reserved 1048576K
}
Event: 30.029 GC heap after
{Heap after GC invocations=64 (full 4):
 PSYoungGen      total 9728K, used 953K [0x00000000eab00000, 0x00000000eb700000, 0x0000000100000000)
  eden space 8704K, 0% used [0x00000000eab00000,0x00000000eab00000,0x00000000eb380000)
  from space 1024K, 93% used [0x00000000eb600000,0x00000000eb6ee738,0x00000000eb700000)
  to   space 1536K, 0% used [0x00000000eb400000,0x00000000eb400000,0x00000000eb580000)
 ParOldGen       total 117760K, used 101394K [0x00000000c0000000, 0x00000000c7300000, 0x00000000eab00000)
  object space 117760K, 86% used [0x00000000c0000000,0x00000000c6304a60,0x00000000c7300000)
 Metaspace       used 62117K, committed 63168K, reserved 1114112K
  class space    used 7128K, committed 7616K, reserved 1048576K
}
Event: 30.391 GC heap before
{Heap before GC invocations=65 (full 4):
 PSYoungGen      total 9728K, used 9657K [0x00000000eab00000, 0x00000000eb700000, 0x0000000100000000)
  eden space 8704K, 100% used [0x00000000eab00000,0x00000000eb380000,0x00000000eb380000)
  from space 1024K, 93% used [0x00000000eb600000,0x00000000eb6ee738,0x00000000eb700000)
  to   space 1536K, 0% used [0x00000000eb400000,0x00000000eb400000,0x00000000eb580000)
 ParOldGen       total 117760K, used 101394K [0x00000000c0000000, 0x00000000c7300000, 0x00000000eab00000)
  object space 117760K, 86% used [0x00000000c0000000,0x00000000c6304a60,0x00000000c7300000)
 Metaspace       used 62677K, committed 63680K, reserved 1114112K
  class space    used 7227K, committed 7680K, reserved 1048576K
}
Event: 30.392 GC heap after
{Heap after GC invocations=65 (full 4):
 PSYoungGen      total 10240K, used 1304K [0x00000000eab00000, 0x00000000eb680000, 0x0000000100000000)
  eden space 8704K, 0% used [0x00000000eab00000,0x00000000eab00000,0x00000000eb380000)
  from space 1536K, 84% used [0x00000000eb400000,0x00000000eb546390,0x00000000eb580000)
  to   space 1024K, 0% used [0x00000000eb580000,0x00000000eb580000,0x00000000eb680000)
 ParOldGen       total 117760K, used 101402K [0x00000000c0000000, 0x00000000c7300000, 0x00000000eab00000)
  object space 117760K, 86% used [0x00000000c0000000,0x00000000c6306a60,0x00000000c7300000)
 Metaspace       used 62677K, committed 63680K, reserved 1114112K
  class space    used 7227K, committed 7680K, reserved 1048576K
}

